<?xml version="1.0" encoding="UTF-8"?>
<!-- Generated by org.testng.reporters.JUnitReportReporter -->
<testsuite hostname="DESKTOP-P1KR3EI" name="com.airtel.appiumDemo.scenarios.AppiumTest" tests="1" failures="0" timestamp="17 Sep 2018 19:54:39 GMT" time="11.759" errors="0">
  <testcase name="launchPlayStoreTest" time="11.759" classname="com.airtel.appiumDemo.scenarios.AppiumTest"/>
</testsuite>
